#
# There is insufficient memory for the Java Runtime Environment to continue.
# Native memory allocation (mmap) failed to map 65536 bytes for Failed to commit metaspace.
# Possible reasons:
#   The system is out of physical RAM or swap space
#   The process is running with CompressedOops enabled, and the Java Heap may be blocking the growth of the native heap
# Possible solutions:
#   Reduce memory load on the system
#   Increase physical memory or swap space
#   Check if swap backing store is full
#   Decrease Java heap size (-Xmx/-Xms)
#   Decrease Java thread stack sizes (-Xss)
#   Set larger code cache with -XX:ReservedCodeCacheSize=
#   JVM is running with Unscaled Compressed Oops mode in which the Java heap is
#     placed in the first 4GB address space. The Java Heap base address is the
#     maximum limit for the native heap growth. Please use -XX:HeapBaseMinAddress
#     to set the Java Heap base and to place the Java Heap above 4GB virtual address.
# This output file may be truncated or incomplete.
#
#  Out of Memory Error (virtualSpaceNode.cpp:110), pid=33788, tid=14008
#
# JRE version: Java(TM) SE Runtime Environment (17.0.10+11) (build 17.0.10+11-LTS-240)
# Java VM: Java HotSpot(TM) 64-Bit Server VM (17.0.10+11-LTS-240, mixed mode, sharing, tiered, compressed oops, compressed class ptrs, g1 gc, windows-amd64)
# No core dump will be written. Minidumps are not enabled by default on client versions of Windows
#

---------------  S U M M A R Y ------------

Command Line: C:\Users\TIGHEDINE\AppData\Local\Temp\surefire18276742076508995015\surefirebooter-20240814175435381_3.jar C:\Users\TIGHEDINE\AppData\Local\Temp\surefire18276742076508995015 2024-08-14T17-54-33_639-jvmRun1 surefire-20240814175435381_1tmp surefire_0-20240814175435381_2tmp

Host: Intel(R) Core(TM) i5-8350U CPU @ 1.70GHz, 8 cores, 7G,  Windows 10 , 64 bit Build 19041 (10.0.19041.4717)
Time: Wed Aug 14 17:54:36 2024 Paris, Madrid (heure duild 19041 (10.0.19041.4717) elapsed time: 0.428358 seconds (0d 0h 0m 0s)

---------------  T H R E A D  ---------------

Current thread (0x00000203ac585950):  JavaThread "main" [_thread_in_vm, id=14008, stack(0x0000006718e00000,0x0000006718f00000)]

Stack: [0x0000006718e00000,0x0000006718f00000]
Native frames: (J=compiled Java code, j=interpreted, Vv=VM code, C=native code)
V  [jvm.dll+0x677a5a]
V  [jvm.dll+0x7d8b2d]
V  [jvm.dll+0x7da48e]
V  [jvm.dll+0x7daaf3]
V  [jvm.dll+0x2455ff]
V  [jvm.dll+0x7d483b]
V  [jvm.dll+0x61dc06]
V  [jvm.dll+0x61dc6a]
V  [jvm.dll+0x62049d]
V  [jvm.dll+0x61e5c6]
V  [jvm.dll+0x62f379]
V  [jvm.dll+0x628694]
V  [jvm.dll+0x37de61]
C  0x00000203bcb7c727

Java frames: (J=compiled Java code, j=interpreted, Vv=VM code)
j  java.util.regex.Pattern$Qtype.$values()[Ljava/util/regex/Pattern$Qtype;+0 java.base@17.0.10
j  java.util.regex.Pattern$Qtype.<clinit>()V+52 java.base@17.0.10
v  ~StubRoutines::call_stub
j  java.util.regex.Pattern.qtype()Ljava/util/regex/Pattern$Qtype;+35 java.base@17.0.10
j  java.util.regex.Pattern.curly(Ljava/util/regex/Pattern$Node;I)Ljava/util/regex/Pattern$Node;+1 java.base@17.0.10
j  java.util.regex.Pattern.closure(Ljava/util/regex/Pattern$Node;)Ljava/util/regex/Pattern$Node;+71 java.base@17.0.10
j  java.util.regex.Pattern.sequence(Ljava/util/regex/Pattern$Node;)Ljava/util/regex/Pattern$Node;+600 java.base@17.0.10
j  java.util.regex.Pattern.expr(Ljava/util/regex/Pattern$Node;)Ljava/util/regex/Pattern$Node;+12 java.base@17.0.10
j  java.util.regex.Pattern.group0()Ljava/util/regex/Pattern$Node;+655 java.base@17.0.10
j  java.util.regex.Pattern.sequence(Ljava/util/regex/Pattern$Node;)Ljava/util/regex/Pattern$Node;+137 java.base@17.0.10
j  java.util.regex.Pattern.expr(Ljava/util/regex/Pattern$Node;)Ljava/util/regex/Pattern$Node;+12 java.base@17.0.10
j  java.util.regex.Pattern.group0()Ljava/util/regex/Pattern$Node;+655 java.base@17.0.10
j  java.util.regex.Pattern.sequence(Ljava/util/regex/Pattern$Node;)Ljava/util/regex/Pattern$Node;+137 java.base@17.0.10
j  java.util.regex.Pattern.expr(Ljava/util/regex/Pattern$Node;)Ljava/util/regex/Pattern$Node;+12 java.base@17.0.10
j  java.util.regex.Pattern.group0()Ljava/util/regex/Pattern$Node;+655 java.base@17.0.10
j  java.util.regex.Pattern.sequence(Ljava/util/regex/Pattern$Node;)Ljava/util/regex/Pattern$Node;+137 java.base@17.0.10
j  java.util.regex.Pattern.expr(Ljava/util/regex/Pattern$Node;)Ljava/util/regex/Pattern$Node;+12 java.base@17.0.10
j  java.util.regex.Pattern.compile()V+222 java.base@17.0.10
j  java.util.regex.Pattern.<init>(Ljava/lang/String;I)V+108 java.base@17.0.10
j  java.util.regex.Pattern.compile(Ljava/lang/String;)Ljava/util/regex/Pattern;+6 java.base@17.0.10
j  org.apache.maven.surefire.booter.PpidChecker.<clinit>()V+18
v  ~StubRoutines::call_stub
j  org.apache.maven.surefire.booter.ForkedBooter.listenToShutdownCommands(Ljava/lang/String;)Lorg/apache/maven/surefire/booter/ForkedBooter$PingScheduler;+8
j  org.apache.maven.surefire.booter.ForkedBooter.setupBooter(Ljava/lang/String;Ljava/lang/String;Ljava/lang/String;Ljava/lang/String;)V+286
j  org.apache.maven.surefire.booter.ForkedBooter.run(Lorg/apache/maven/surefire/booter/ForkedBooter;[Ljava/lang/String;)V+23
j  org.apache.maven.surefire.booter.ForkedBooter.main([Ljava/lang/String;)V+10
v  ~StubRoutines::call_stub

---------------  P R O C E S S  ---------------

Threads class SMR info:
_java_thread_list=0x0000020412532740, length=14, elements={
0x00000203ac585950, 0x00000203cc6495e0, 0x00000203cc64a460, 0x00000203cc661240,
0x00000203cc661c00, 0x00000203cc6625c0, 0x00000203cc662f80, 0x00000203cc663c70,
0x00000203cc66c730, 0x00000203cc66f140, 0x00000203cc8cfa30, 0x00000203cc8d8790,
0x00000204124c06e0, 0x00000203cc922d70
}

Java Threads: ( => current thread )
=>0x00000203ac585950 JavaThread "main" [_thread_in_vm, id=14008, stack(0x0000006718e00000,0x0000006718f00000)]
  0x00000203cc6495e0 JavaThread "Reference Handler" daemon [_thread_blocked, id=37956, stack(0x0000006719500000,0x0000006719600000)]
  0x00000203cc64a460 JavaThread "Finalizer" daemon [_thread_blocked, id=18628, stack(0x0000006719600000,0x0000006719700000)]
  0x00000203cc661240 JavaThread "Signal Dispatcher" daemon [_thread_blocked, id=30036, stack(0x0000006719700000,0x0000006719800000)]
  0x00000203cc661c00 JavaThread "Attach Listener" daemon [_thread_blocked, id=12584, stack(0x0000006719800000,0x0000006719900000)]
  0x00000203cc6625c0 JavaThread "Service Thread" daemon [_thread_blocked, id=21352, stack(0x0000006719900000,0x0000006719a00000)]
  0x00000203cc662f80 JavaThread "Monitor Deflation Thread" daemon [_thread_blocked, id=18520, stack(0x0000006719a00000,0x0000006719b00000)]
  0x00000203cc663c70 JavaThread "C2 CompilerThread0" daemon [_thread_blocked, id=28820, stack(0x0000006719b00000,0x0000006719c00000)]
  0x00000203cc66c730 JavaThread "C1 CompilerThread0" daemon [_thread_blocked, id=26828, stack(0x0000006719c00000,0x0000006719d00000)]
  0x00000203cc66f140 JavaThread "Sweeper thread" daemon [_thread_blocked, id=12984, stack(0x0000006719d00000,0x0000006719e00000)]
  0x00000203cc8cfa30 JavaThread "Notification Thread" daemon [_thread_blocked, id=30808, stack(0x0000006719e00000,0x0000006719f00000)]
  0x00000203cc8d8790 JavaThread "Common-Cleaner" daemon [_thread_blocked, id=20988, stack(0x000000671a000000,0x000000671a100000)]
  0x00000204124c06e0 JavaThread "surefire-forkedjvm-stream-flusher" daemon [_thread_blocked, id=37924, stack(0x000000671a100000,0x000000671a200000)]
  0x00000203cc922d70 JavaThread "surefire-forkedjvm-command-thread" daemon [_thread_in_native, id=2448, stack(0x000000671a200000,0x000000671a300000)]

Other Threads:
  0x00000203cc643d10 VMThread "VM Thread" [stack: 0x0000006719400000,0x0000006719500000] [id=24924]
  0x00000203cc8d2330 WatcherThread [stack: 0x0000006719f00000,0x000000671a000000] [id=35232]
  0x00000203ac5df300 GCTaskThread "GC Thread#0" [stack: 0x0000006718f00000,0x0000006719000000] [id=33304]
  0x00000203ac5efe90 ConcurrentGCThread "G1 Main Marker" [stack: 0x0000006719000000,0x0000006719100000] [id=22320]
  0x00000203ac5f08a0 ConcurrentGCThread "G1 Conc#0" [stack: 0x0000006719100000,0x0000006719200000] [id=1280]
  0x00000203ac65d1a0 ConcurrentGCThread "G1 Refine#0" [stack: 0x0000006719200000,0x0000006719300000] [id=27588]
  0x00000203ac65dbd0 ConcurrentGCThread "G1 Service" [stack: 0x0000006719300000,0x0000006719400000] [id=18268]

Threads with active compile tasks:

VM state: not at safepoint (normal execution)

VM Mutex/Monitor currently owned by a thread:  ([mutex/lock_event])
[0x00000203ac57cf70] Metaspace_lock - owner thread: 0x00000203ac585950

Heap address: 0x0000000081e00000, size: 2018 MB, Compressed Oops mode: 32-bit

CDS archive(s) mapped at: [0x00000203cd000000-0x00000203cdbd0000-0x00000203cdbd0000), size 12386304, SharedBaseAddress: 0x00000203cd000000, ArchiveRelocationMode: 1.
Compressed class space mapped at: 0x00000203ce000000-0x000002040e000000, reserved size: 1073741824
Narrow klass base: 0x00000203cd000000, Narrow klass shift: 0, Narrow klass range: 0x100000000

GC Precious Log:
 CPUs: 8 total, 8 available
 Memory: 8066M
 Large Page Support: Disabled
 NUMA Support: Disabled
 Compressed Oops: Enabled (32-bit)
 Heap Region Size: 1M
 Heap Min Capacity: 8M
 Heap Initial Capacity: 128M
 Heap Max Capacity: 2018M
 Pre-touch: Disabled
 Parallel Workers: 8
 Concurrent Workers: 2
 Concurrent Refinement Workers: 8
 Periodic GC: Disabled

Heap:
 garbage-first heap   total 131072K, used 13312K [0x0000000081e00000, 0x0000000100000000)
  region size 1024K, 13 young (13312K), 0 survivors (0K)
 Metaspace       used 1875K, committed 1984K, reserved 1114112K
  class space    used 182K, committed 256K, reserved 1048576K

Heap Regions: E=young(eden), S=young(survivor), O=old, HS=humongous(starts), HC=humongous(continues), CS=collection set, F=free, OA=open archive, CA=closed archive, TAMS=top-at-mark-start (previous, next)
|   0|0x0000000081e00000, 0x0000000081f00000, 0x0000000081f00000|100%|HS|  |TAMS 0x0000000081e00000, 0x0000000081e00000| Complete 
|   1|0x0000000081f00000, 0x0000000082000000, 0x0000000082000000|100%|HS|  |TAMS 0x0000000081f00000, 0x0000000081f00000| Complete 
|   2|0x0000000082000000, 0x0000000082000000, 0x0000000082100000|  0%| F|  |TAMS 0x0000000082000000, 0x0000000082000000| Untracked 
|   3|0x0000000082100000, 0x0000000082100000, 0x0000000082200000|  0%| F|  |TAMS 0x0000000082100000, 0x0000000082100000| Untracked 
|   4|0x0000000082200000, 0x0000000082200000, 0x0000000082300000|  0%| F|  |TAMS 0x0000000082200000, 0x0000000082200000| Untracked 
|   5|0x0000000082300000, 0x0000000082300000, 0x0000000082400000|  0%| F|  |TAMS 0x0000000082300000, 0x0000000082300000| Untracked 
|   6|0x0000000082400000, 0x0000000082400000, 0x0000000082500000|  0%| F|  |TAMS 0x0000000082400000, 0x0000000082400000| Untracked 
|   7|0x0000000082500000, 0x0000000082500000, 0x0000000082600000|  0%| F|  |TAMS 0x0000000082500000, 0x0000000082500000| Untracked 
|   8|0x0000000082600000, 0x0000000082600000, 0x0000000082700000|  0%| F|  |TAMS 0x0000000082600000, 0x0000000082600000| Untracked 
|   9|0x0000000082700000, 0x0000000082700000, 0x0000000082800000|  0%| F|  |TAMS 0x0000000082700000, 0x0000000082700000| Untracked 
|  10|0x0000000082800000, 0x0000000082800000, 0x0000000082900000|  0%| F|  |TAMS 0x0000000082800000, 0x0000000082800000| Untracked 
|  11|0x0000000082900000, 0x0000000082900000, 0x0000000082a00000|  0%| F|  |TAMS 0x0000000082900000, 0x0000000082900000| Untracked 
|  12|0x0000000082a00000, 0x0000000082a00000, 0x0000000082b00000|  0%| F|  |TAMS 0x0000000082a00000, 0x0000000082a00000| Untracked 
|  13|0x0000000082b00000, 0x0000000082b00000, 0x0000000082c00000|  0%| F|  |TAMS 0x0000000082b00000, 0x0000000082b00000| Untracked 
|  14|0x0000000082c00000, 0x0000000082c00000, 0x0000000082d00000|  0%| F|  |TAMS 0x0000000082c00000, 0x0000000082c00000| Untracked 
|  15|0x0000000082d00000, 0x0000000082d00000, 0x0000000082e00000|  0%| F|  |TAMS 0x0000000082d00000, 0x0000000082d00000| Untracked 
|  16|0x0000000082e00000, 0x0000000082e00000, 0x0000000082f00000|  0%| F|  |TAMS 0x0000000082e00000, 0x0000000082e00000| Untracked 
|  17|0x0000000082f00000, 0x0000000082f00000, 0x0000000083000000|  0%| F|  |TAMS 0x0000000082f00000, 0x0000000082f00000| Untracked 
|  18|0x0000000083000000, 0x0000000083000000, 0x0000000083100000|  0%| F|  |TAMS 0x0000000083000000, 0x0000000083000000| Untracked 
|  19|0x0000000083100000, 0x0000000083100000, 0x0000000083200000|  0%| F|  |TAMS 0x0000000083100000, 0x0000000083100000| Untracked 
|  20|0x0000000083200000, 0x0000000083200000, 0x0000000083300000|  0%| F|  |TAMS 0x0000000083200000, 0x0000000083200000| Untracked 
|  21|0x0000000083300000, 0x0000000083300000, 0x0000000083400000|  0%| F|  |TAMS 0x0000000083300000, 0x0000000083300000| Untracked 
|  22|0x0000000083400000, 0x0000000083400000, 0x0000000083500000|  0%| F|  |TAMS 0x0000000083400000, 0x0000000083400000| Untracked 
|  23|0x0000000083500000, 0x0000000083500000, 0x0000000083600000|  0%| F|  |TAMS 0x0000000083500000, 0x0000000083500000| Untracked 
|  24|0x0000000083600000, 0x0000000083600000, 0x0000000083700000|  0%| F|  |TAMS 0x0000000083600000, 0x0000000083600000| Untracked 
|  25|0x0000000083700000, 0x0000000083700000, 0x0000000083800000|  0%| F|  |TAMS 0x0000000083700000, 0x0000000083700000| Untracked 
|  26|0x0000000083800000, 0x0000000083800000, 0x0000000083900000|  0%| F|  |TAMS 0x0000000083800000, 0x0000000083800000| Untracked 
|  27|0x0000000083900000, 0x0000000083900000, 0x0000000083a00000|  0%| F|  |TAMS 0x0000000083900000, 0x0000000083900000| Untracked 
|  28|0x0000000083a00000, 0x0000000083a00000, 0x0000000083b00000|  0%| F|  |TAMS 0x0000000083a00000, 0x0000000083a00000| Untracked 
|  29|0x0000000083b00000, 0x0000000083b00000, 0x0000000083c00000|  0%| F|  |TAMS 0x0000000083b00000, 0x0000000083b00000| Untracked 
|  30|0x0000000083c00000, 0x0000000083c00000, 0x0000000083d00000|  0%| F|  |TAMS 0x0000000083c00000, 0x0000000083c00000| Untracked 
|  31|0x0000000083d00000, 0x0000000083d00000, 0x0000000083e00000|  0%| F|  |TAMS 0x0000000083d00000, 0x0000000083d00000| Untracked 
|  32|0x0000000083e00000, 0x0000000083e00000, 0x0000000083f00000|  0%| F|  |TAMS 0x0000000083e00000, 0x0000000083e00000| Untracked 
|  33|0x0000000083f00000, 0x0000000083f00000, 0x0000000084000000|  0%| F|  |TAMS 0x0000000083f00000, 0x0000000083f00000| Untracked 
|  34|0x0000000084000000, 0x0000000084000000, 0x0000000084100000|  0%| F|  |TAMS 0x0000000084000000, 0x0000000084000000| Untracked 
|  35|0x0000000084100000, 0x0000000084100000, 0x0000000084200000|  0%| F|  |TAMS 0x0000000084100000, 0x0000000084100000| Untracked 
|  36|0x0000000084200000, 0x0000000084200000, 0x0000000084300000|  0%| F|  |TAMS 0x0000000084200000, 0x0000000084200000| Untracked 
|  37|0x0000000084300000, 0x0000000084300000, 0x0000000084400000|  0%| F|  |TAMS 0x0000000084300000, 0x0000000084300000| Untracked 
|  38|0x0000000084400000, 0x0000000084400000, 0x0000000084500000|  0%| F|  |TAMS 0x0000000084400000, 0x0000000084400000| Untracked 
|  39|0x0000000084500000, 0x0000000084500000, 0x0000000084600000|  0%| F|  |TAMS 0x0000000084500000, 0x0000000084500000| Untracked 
|  40|0x0000000084600000, 0x0000000084600000, 0x0000000084700000|  0%| F|  |TAMS 0x0000000084600000, 0x0000000084600000| Untracked 
|  41|0x0000000084700000, 0x0000000084700000, 0x0000000084800000|  0%| F|  |TAMS 0x0000000084700000, 0x0000000084700000| Untracked 
|  42|0x0000000084800000, 0x0000000084800000, 0x0000000084900000|  0%| F|  |TAMS 0x0000000084800000, 0x0000000084800000| Untracked 
|  43|0x0000000084900000, 0x0000000084900000, 0x0000000084a00000|  0%| F|  |TAMS 0x0000000084900000, 0x0000000084900000| Untracked 
|  44|0x0000000084a00000, 0x0000000084a00000, 0x0000000084b00000|  0%| F|  |TAMS 0x0000000084a00000, 0x0000000084a00000| Untracked 
|  45|0x0000000084b00000, 0x0000000084b00000, 0x0000000084c00000|  0%| F|  |TAMS 0x0000000084b00000, 0x0000000084b00000| Untracked 
|  46|0x0000000084c00000, 0x0000000084c00000, 0x0000000084d00000|  0%| F|  |TAMS 0x0000000084c00000, 0x0000000084c00000| Untracked 
|  47|0x0000000084d00000, 0x0000000084d00000, 0x0000000084e00000|  0%| F|  |TAMS 0x0000000084d00000, 0x0000000084d00000| Untracked 
|  48|0x0000000084e00000, 0x0000000084e00000, 0x0000000084f00000|  0%| F|  |TAMS 0x0000000084e00000, 0x0000000084e00000| Untracked 
|  49|0x0000000084f00000, 0x0000000084f00000, 0x0000000085000000|  0%| F|  |TAMS 0x0000000084f00000, 0x0000000084f00000| Untracked 
|  50|0x0000000085000000, 0x0000000085000000, 0x0000000085100000|  0%| F|  |TAMS 0x0000000085000000, 0x0000000085000000| Untracked 
|  51|0x0000000085100000, 0x0000000085100000, 0x0000000085200000|  0%| F|  |TAMS 0x0000000085100000, 0x0000000085100000| Untracked 
|  52|0x0000000085200000, 0x0000000085200000, 0x0000000085300000|  0%| F|  |TAMS 0x0000000085200000, 0x0000000085200000| Untracked 
|  53|0x0000000085300000, 0x0000000085300000, 0x0000000085400000|  0%| F|  |TAMS 0x0000000085300000, 0x0000000085300000| Untracked 
|  54|0x0000000085400000, 0x0000000085400000, 0x0000000085500000|  0%| F|  |TAMS 0x0000000085400000, 0x0000000085400000| Untracked 
|  55|0x0000000085500000, 0x0000000085500000, 0x0000000085600000|  0%| F|  |TAMS 0x0000000085500000, 0x0000000085500000| Untracked 
|  56|0x0000000085600000, 0x0000000085600000, 0x0000000085700000|  0%| F|  |TAMS 0x0000000085600000, 0x0000000085600000| Untracked 
|  57|0x0000000085700000, 0x0000000085700000, 0x0000000085800000|  0%| F|  |TAMS 0x0000000085700000, 0x0000000085700000| Untracked 
|  58|0x0000000085800000, 0x0000000085800000, 0x0000000085900000|  0%| F|  |TAMS 0x0000000085800000, 0x0000000085800000| Untracked 
|  59|0x0000000085900000, 0x0000000085900000, 0x0000000085a00000|  0%| F|  |TAMS 0x0000000085900000, 0x0000000085900000| Untracked 
|  60|0x0000000085a00000, 0x0000000085a00000, 0x0000000085b00000|  0%| F|  |TAMS 0x0000000085a00000, 0x0000000085a00000| Untracked 
|  61|0x0000000085b00000, 0x0000000085b00000, 0x0000000085c00000|  0%| F|  |TAMS 0x0000000085b00000, 0x0000000085b00000| Untracked 
|  62|0x0000000085c00000, 0x0000000085c00000, 0x0000000085d00000|  0%| F|  |TAMS 0x0000000085c00000, 0x0000000085c00000| Untracked 
|  63|0x0000000085d00000, 0x0000000085d00000, 0x0000000085e00000|  0%| F|  |TAMS 0x0000000085d00000, 0x0000000085d00000| Untracked 
|  64|0x0000000085e00000, 0x0000000085e00000, 0x0000000085f00000|  0%| F|  |TAMS 0x0000000085e00000, 0x0000000085e00000| Untracked 
|  65|0x0000000085f00000, 0x0000000085f00000, 0x0000000086000000|  0%| F|  |TAMS 0x0000000085f00000, 0x0000000085f00000| Untracked 
|  66|0x0000000086000000, 0x0000000086000000, 0x0000000086100000|  0%| F|  |TAMS 0x0000000086000000, 0x0000000086000000| Untracked 
|  67|0x0000000086100000, 0x0000000086100000, 0x0000000086200000|  0%| F|  |TAMS 0x0000000086100000, 0x0000000086100000| Untracked 
|  68|0x0000000086200000, 0x0000000086200000, 0x0000000086300000|  0%| F|  |TAMS 0x0000000086200000, 0x0000000086200000| Untracked 
|  69|0x0000000086300000, 0x0000000086300000, 0x0000000086400000|  0%| F|  |TAMS 0x0000000086300000, 0x0000000086300000| Untracked 
|  70|0x0000000086400000, 0x0000000086400000, 0x0000000086500000|  0%| F|  |TAMS 0x0000000086400000, 0x0000000086400000| Untracked 
|  71|0x0000000086500000, 0x0000000086500000, 0x0000000086600000|  0%| F|  |TAMS 0x0000000086500000, 0x0000000086500000| Untracked 
|  72|0x0000000086600000, 0x0000000086600000, 0x0000000086700000|  0%| F|  |TAMS 0x0000000086600000, 0x0000000086600000| Untracked 
|  73|0x0000000086700000, 0x0000000086700000, 0x0000000086800000|  0%| F|  |TAMS 0x0000000086700000, 0x0000000086700000| Untracked 
|  74|0x0000000086800000, 0x0000000086800000, 0x0000000086900000|  0%| F|  |TAMS 0x0000000086800000, 0x0000000086800000| Untracked 
|  75|0x0000000086900000, 0x0000000086900000, 0x0000000086a00000|  0%| F|  |TAMS 0x0000000086900000, 0x0000000086900000| Untracked 
|  76|0x0000000086a00000, 0x0000000086a00000, 0x0000000086b00000|  0%| F|  |TAMS 0x0000000086a00000, 0x0000000086a00000| Untracked 
|  77|0x0000000086b00000, 0x0000000086b00000, 0x0000000086c00000|  0%| F|  |TAMS 0x0000000086b00000, 0x0000000086b00000| Untracked 
|  78|0x0000000086c00000, 0x0000000086c00000, 0x0000000086d00000|  0%| F|  |TAMS 0x0000000086c00000, 0x0000000086c00000| Untracked 
|  79|0x0000000086d00000, 0x0000000086d00000, 0x0000000086e00000|  0%| F|  |TAMS 0x0000000086d00000, 0x0000000086d00000| Untracked 
|  80|0x0000000086e00000, 0x0000000086e00000, 0x0000000086f00000|  0%| F|  |TAMS 0x0000000086e00000, 0x0000000086e00000| Untracked 
|  81|0x0000000086f00000, 0x0000000086f00000, 0x0000000087000000|  0%| F|  |TAMS 0x0000000086f00000, 0x0000000086f00000| Untracked 
|  82|0x0000000087000000, 0x0000000087000000, 0x0000000087100000|  0%| F|  |TAMS 0x0000000087000000, 0x0000000087000000| Untracked 
|  83|0x0000000087100000, 0x0000000087100000, 0x0000000087200000|  0%| F|  |TAMS 0x0000000087100000, 0x0000000087100000| Untracked 
|  84|0x0000000087200000, 0x0000000087200000, 0x0000000087300000|  0%| F|  |TAMS 0x0000000087200000, 0x0000000087200000| Untracked 
|  85|0x0000000087300000, 0x0000000087300000, 0x0000000087400000|  0%| F|  |TAMS 0x0000000087300000, 0x0000000087300000| Untracked 
|  86|0x0000000087400000, 0x0000000087400000, 0x0000000087500000|  0%| F|  |TAMS 0x0000000087400000, 0x0000000087400000| Untracked 
|  87|0x0000000087500000, 0x0000000087500000, 0x0000000087600000|  0%| F|  |TAMS 0x0000000087500000, 0x0000000087500000| Untracked 
|  88|0x0000000087600000, 0x0000000087600000, 0x0000000087700000|  0%| F|  |TAMS 0x0000000087600000, 0x0000000087600000| Untracked 
|  89|0x0000000087700000, 0x0000000087700000, 0x0000000087800000|  0%| F|  |TAMS 0x0000000087700000, 0x0000000087700000| Untracked 
|  90|0x0000000087800000, 0x0000000087800000, 0x0000000087900000|  0%| F|  |TAMS 0x0000000087800000, 0x0000000087800000| Untracked 
|  91|0x0000000087900000, 0x0000000087900000, 0x0000000087a00000|  0%| F|  |TAMS 0x0000000087900000, 0x0000000087900000| Untracked 
|  92|0x0000000087a00000, 0x0000000087a00000, 0x0000000087b00000|  0%| F|  |TAMS 0x0000000087a00000, 0x0000000087a00000| Untracked 
|  93|0x0000000087b00000, 0x0000000087b00000, 0x0000000087c00000|  0%| F|  |TAMS 0x0000000087b00000, 0x0000000087b00000| Untracked 
|  94|0x0000000087c00000, 0x0000000087c00000, 0x0000000087d00000|  0%| F|  |TAMS 0x0000000087c00000, 0x0000000087c00000| Untracked 
|  95|0x0000000087d00000, 0x0000000087d00000, 0x0000000087e00000|  0%| F|  |TAMS 0x0000000087d00000, 0x0000000087d00000| Untracked 
|  96|0x0000000087e00000, 0x0000000087e00000, 0x0000000087f00000|  0%| F|  |TAMS 0x0000000087e00000, 0x0000000087e00000| Untracked 
|  97|0x0000000087f00000, 0x0000000087f00000, 0x0000000088000000|  0%| F|  |TAMS 0x0000000087f00000, 0x0000000087f00000| Untracked 
|  98|0x0000000088000000, 0x0000000088000000, 0x0000000088100000|  0%| F|  |TAMS 0x0000000088000000, 0x0000000088000000| Untracked 
|  99|0x0000000088100000, 0x0000000088100000, 0x0000000088200000|  0%| F|  |TAMS 0x0000000088100000, 0x0000000088100000| Untracked 
| 100|0x0000000088200000, 0x0000000088200000, 0x0000000088300000|  0%| F|  |TAMS 0x0000000088200000, 0x0000000088200000| Untracked 
| 101|0x0000000088300000, 0x0000000088300000, 0x0000000088400000|  0%| F|  |TAMS 0x0000000088300000, 0x0000000088300000| Untracked 
| 102|0x0000000088400000, 0x0000000088400000, 0x0000000088500000|  0%| F|  |TAMS 0x0000000088400000, 0x0000000088400000| Untracked 
| 103|0x0000000088500000, 0x0000000088500000, 0x0000000088600000|  0%| F|  |TAMS 0x0000000088500000, 0x0000000088500000| Untracked 
| 104|0x0000000088600000, 0x0000000088600000, 0x0000000088700000|  0%| F|  |TAMS 0x0000000088600000, 0x0000000088600000| Untracked 
| 105|0x0000000088700000, 0x0000000088700000, 0x0000000088800000|  0%| F|  |TAMS 0x0000000088700000, 0x0000000088700000| Untracked 
| 106|0x0000000088800000, 0x0000000088800000, 0x0000000088900000|  0%| F|  |TAMS 0x0000000088800000, 0x0000000088800000| Untracked 
| 107|0x0000000088900000, 0x0000000088900000, 0x0000000088a00000|  0%| F|  |TAMS 0x0000000088900000, 0x0000000088900000| Untracked 
| 108|0x0000000088a00000, 0x0000000088a00000, 0x0000000088b00000|  0%| F|  |TAMS 0x0000000088a00000, 0x0000000088a00000| Untracked 
| 109|0x0000000088b00000, 0x0000000088b00000, 0x0000000088c00000|  0%| F|  |TAMS 0x0000000088b00000, 0x0000000088b00000| Untracked 
| 110|0x0000000088c00000, 0x0000000088c00000, 0x0000000088d00000|  0%| F|  |TAMS 0x0000000088c00000, 0x0000000088c00000| Untracked 
| 111|0x0000000088d00000, 0x0000000088d00000, 0x0000000088e00000|  0%| F|  |TAMS 0x0000000088d00000, 0x0000000088d00000| Untracked 
| 112|0x0000000088e00000, 0x0000000088e00000, 0x0000000088f00000|  0%| F|  |TAMS 0x0000000088e00000, 0x0000000088e00000| Untracked 
| 113|0x0000000088f00000, 0x0000000088f00000, 0x0000000089000000|  0%| F|  |TAMS 0x0000000088f00000, 0x0000000088f00000| Untracked 
| 114|0x0000000089000000, 0x0000000089000000, 0x0000000089100000|  0%| F|  |TAMS 0x0000000089000000, 0x0000000089000000| Untracked 
| 115|0x0000000089100000, 0x0000000089176440, 0x0000000089200000| 46%| E|  |TAMS 0x0000000089100000, 0x0000000089100000| Complete 
| 116|0x0000000089200000, 0x0000000089300000, 0x0000000089300000|100%| E|CS|TAMS 0x0000000089200000, 0x0000000089200000| Complete 
| 117|0x0000000089300000, 0x0000000089400000, 0x0000000089400000|100%| E|CS|TAMS 0x0000000089300000, 0x0000000089300000| Complete 
| 118|0x0000000089400000, 0x0000000089500000, 0x0000000089500000|100%| E|CS|TAMS 0x0000000089400000, 0x0000000089400000| Complete 
| 119|0x0000000089500000, 0x0000000089600000, 0x0000000089600000|100%| E|CS|TAMS 0x0000000089500000, 0x0000000089500000| Complete 
| 120|0x0000000089600000, 0x0000000089700000, 0x0000000089700000|100%| E|CS|TAMS 0x0000000089600000, 0x0000000089600000| Complete 
| 121|0x0000000089700000, 0x0000000089800000, 0x0000000089800000|100%| E|CS|TAMS 0x0000000089700000, 0x0000000089700000| Complete 
| 122|0x0000000089800000, 0x0000000089900000, 0x0000000089900000|100%| E|  |TAMS 0x0000000089800000, 0x0000000089800000| Complete 
| 123|0x0000000089900000, 0x0000000089a00000, 0x0000000089a00000|100%| E|CS|TAMS 0x0000000089900000, 0x0000000089900000| Complete 
| 124|0x0000000089a00000, 0x0000000089b00000, 0x0000000089b00000|100%| E|CS|TAMS 0x0000000089a00000, 0x0000000089a00000| Complete 
| 125|0x0000000089b00000, 0x0000000089c00000, 0x0000000089c00000|100%| E|CS|TAMS 0x0000000089b00000, 0x0000000089b00000| Complete 
| 126|0x0000000089c00000, 0x0000000089d00000, 0x0000000089d00000|100%| E|CS|TAMS 0x0000000089c00000, 0x0000000089c00000| Complete 
| 127|0x0000000089d00000, 0x0000000089e00000, 0x0000000089e00000|100%| E|CS|TAMS 0x0000000089d00000, 0x0000000089d00000| Complete 

Card table byte_map: [0x00000203c54b0000,0x00000203c58b0000] _byte_map_base: 0x00000203c50a1000

Marking Bits (Prev, Next): (CMBitMap*) 0x00000203ac5df920, (CMBitMap*) 0x00000203ac5df960
 Prev Bits: [0x00000203c5cb0000, 0x00000203c7c38000)
 Next Bits: [0x00000203c7c40000, 0x00000203c9bc8000)

Polling page: 0x00000203ac660000

Metaspace:

Usage:
  Non-class:      1.65 MB used.
      Class:    182.48 KB used.
       Both:      1.83 MB used.

Virtual space:
  Non-class space:       64.00 MB reserved,       1.69 MB (  3%) committed,  1 nodes.
      Class space:        1.00 GB reserved,     256.00 KB ( <1%) committed,  1 nodes.
             Both:        1.06 GB reserved,       1.94 MB ( <1%) committed. 

Chunk freelists:
   Non-Class:  11.52 MB
       Class:  15.69 MB
        Both:  27.20 MB

MaxMetaspaceSize: unlimited
CompressedClassSpaceSize: 1.00 GB
Initial GC threshold: 21.00 MB
Current GC threshold: 21.00 MB
CDS: on
MetaspaceReclaimPolicy: balanced
 - commit_granule_bytes: 65536.
 - commit_granule_words: 8192.
 - virtual_space_node_default_size: 8388608.
 - enlarge_chunks_in_place: 1.
 - new_chunks_are_fully_committed: 0.
 - uncommit_free_chunks: 1.
 - use_allocation_guard: 0.
 - handle_deallocations: 1.


Internal statistics:

num_allocs_failed_limit: 0.
num_arena_births: 12.
num_arena_deaths: 0.
num_vsnodes_births: 2.
num_vsnodes_deaths: 0.
num_space_committed: 31.
num_space_uncommitted: 0.
num_chunks_returned_to_freelist: 0.
num_chunks_taken_from_freelist: 42.
num_chunk_merges: 0.
num_chunk_splits: 26.
num_chunks_enlarged: 17.
num_inconsistent_stats: 0.

CodeHeap 'non-profiled nmethods': size=120000Kb used=183Kb max_used=183Kb free=119816Kb
 bounds [0x00000203bd110000, 0x00000203bd380000, 0x00000203c4640000]
CodeHeap 'profiled nmethods': size=120000Kb used=1007Kb max_used=1007Kb free=118992Kb
 bounds [0x00000203b5640000, 0x00000203b58b0000, 0x00000203bcb70000]
CodeHeap 'non-nmethods': size=5760Kb used=1138Kb max_used=1147Kb free=4621Kb
 bounds [0x00000203bcb70000, 0x00000203bcde0000, 0x00000203bd110000]
 total_blobs=1006 nmethods=582 adapters=337
 compilation: enabled
              stopped_count=0, restarted_count=0
 full_count=0

Compilation events (20 events):
Event: 0.420 Thread 0x00000203cc66c730  550       3       sun.util.locale.BaseLocale::convertOldISOCodes (238 bytes)
Event: 0.420 Thread 0x00000203cc66c730 nmethod 550 0x00000203b5735510 code [0x00000203b5735740, 0x00000203b5735e88]
Event: 0.420 Thread 0x00000203cc66c730  563       3       sun.util.locale.LanguageTag::isLanguage (29 bytes)
Event: 0.421 Thread 0x00000203cc66c730 nmethod 563 0x00000203b5736010 code [0x00000203b5736240, 0x00000203b5736bf8]
Event: 0.421 Thread 0x00000203cc66c730  553       3       sun.util.locale.LanguageTag::isScript (21 bytes)
Event: 0.421 Thread 0x00000203cc66c730 nmethod 553 0x00000203b5736f10 code [0x00000203b5737140, 0x00000203b5737ab8]
Event: 0.421 Thread 0x00000203cc66c730  574       3       sun.util.locale.LanguageTag::isRegion (36 bytes)
Event: 0.422 Thread 0x00000203cc66c730 nmethod 574 0x00000203b5737e10 code [0x00000203b57380e0, 0x00000203b5739258]
Event: 0.422 Thread 0x00000203cc66c730  579       3       java.lang.invoke.MethodType$ConcurrentWeakInternSet::get (47 bytes)
Event: 0.422 Thread 0x00000203cc66c730 nmethod 579 0x00000203b5739810 code [0x00000203b5739a40, 0x00000203b573a398]
Event: 0.423 Thread 0x00000203cc66c730  578       3       java.lang.Class::getClassLoader (28 bytes)
Event: 0.423 Thread 0x00000203cc66c730 nmethod 578 0x00000203b573a710 code [0x00000203b573a960, 0x00000203b573b3b8]
Event: 0.423 Thread 0x00000203cc66c730  581       2       java.lang.StringUTF16::getChar (60 bytes)
Event: 0.423 Thread 0x00000203cc66c730 nmethod 581 0x00000203b573b710 code [0x00000203b573b8a0, 0x00000203b573b9f8]
Event: 0.423 Thread 0x00000203cc66c730  575       1       java.lang.invoke.MethodType$ConcurrentWeakInternSet$WeakEntry::hashCode (5 bytes)
Event: 0.423 Thread 0x00000203cc66c730 nmethod 575 0x00000203bd13d890 code [0x00000203bd13da20, 0x00000203bd13daf8]
Event: 0.423 Thread 0x00000203cc66c730  576       1       java.lang.invoke.MethodHandles$Lookup::lookupClass (5 bytes)
Event: 0.423 Thread 0x00000203cc66c730 nmethod 576 0x00000203bd13db90 code [0x00000203bd13dd20, 0x00000203bd13ddf8]
Event: 0.423 Thread 0x00000203cc66c730  582       3       java.lang.AbstractStringBuilder::isLatin1 (19 bytes)
Event: 0.424 Thread 0x00000203cc66c730 nmethod 582 0x00000203b573bb10 code [0x00000203b573bca0, 0x00000203b573be18]

GC Heap History (0 events):
No events

Deoptimization events (20 events):
Event: 0.321 Thread 0x00000203ac585950 DEOPT PACKING pc=0x00000203b5674a56 sp=0x0000006718efe0d0
Event: 0.321 Thread 0x00000203ac585950 DEOPT UNPACKING pc=0x00000203bcbc2b43 sp=0x0000006718efd558 mode 0
Event: 0.334 Thread 0x00000203ac585950 DEOPT PACKING pc=0x00000203b5692572 sp=0x0000006718efe050
Event: 0.335 Thread 0x00000203ac585950 DEOPT UNPACKING pc=0x00000203bcbc2b43 sp=0x0000006718efd510 mode 0
Event: 0.376 Thread 0x00000203ac585950 Uncommon trap: trap_request=0xffffff6e fr.pc=0x00000203bd116300 relative=0x0000000000000460
Event: 0.376 Thread 0x00000203ac585950 Uncommon trap: reason=loop_limit_check action=maybe_recompile pc=0x00000203bd116300 method=java.lang.StringLatin1.indexOf([BI[BII)I @ 37 c2
Event: 0.376 Thread 0x00000203ac585950 DEOPT PACKING pc=0x00000203bd116300 sp=0x0000006718efcf50
Event: 0.376 Thread 0x00000203ac585950 DEOPT UNPACKING pc=0x00000203bcbc23a3 sp=0x0000006718efced8 mode 2
Event: 0.420 Thread 0x00000203ac585950 Uncommon trap: trap_request=0xffffff45 fr.pc=0x00000203bd118bc4 relative=0x0000000000000424
Event: 0.420 Thread 0x00000203ac585950 Uncommon trap: reason=unstable_if action=reinterpret pc=0x00000203bd118bc4 method=java.lang.StringLatin1.canEncode(I)Z @ 4 c2
Event: 0.420 Thread 0x00000203ac585950 DEOPT PACKING pc=0x00000203bd118bc4 sp=0x0000006718efe520
Event: 0.420 Thread 0x00000203ac585950 DEOPT UNPACKING pc=0x00000203bcbc23a3 sp=0x0000006718efe448 mode 2
Event: 0.420 Thread 0x00000203ac585950 Uncommon trap: trap_request=0xffffff45 fr.pc=0x00000203bd1195ac relative=0x000000000000040c
Event: 0.420 Thread 0x00000203ac585950 Uncommon trap: reason=unstable_if action=reinterpret pc=0x00000203bd1195ac method=java.lang.AbstractStringBuilder.isLatin1()Z @ 10 c2
Event: 0.420 Thread 0x00000203ac585950 DEOPT PACKING pc=0x00000203bd1195ac sp=0x0000006718efe4b0
Event: 0.420 Thread 0x00000203ac585950 DEOPT UNPACKING pc=0x00000203bcbc23a3 sp=0x0000006718efe440 mode 2
Event: 0.420 Thread 0x00000203ac585950 Uncommon trap: trap_request=0xffffff45 fr.pc=0x00000203bd1250dc relative=0x000000000000005c
Event: 0.420 Thread 0x00000203ac585950 Uncommon trap: reason=unstable_if action=reinterpret pc=0x00000203bd1250dc method=java.lang.AbstractStringBuilder.isLatin1()Z @ 10 c2
Event: 0.420 Thread 0x00000203ac585950 DEOPT PACKING pc=0x00000203bd1250dc sp=0x0000006718efe4a0
Event: 0.420 Thread 0x00000203ac585950 DEOPT UNPACKING pc=0x00000203bcbc23a3 sp=0x0000006718efe430 mode 2

Classes unloaded (0 events):
No events

Classes redefined (0 events):
No events

Internal exceptions (2 events):
Event: 0.155 Thread 0x00000203ac585950 Exception <a 'java/lang/NoSuchMethodError'{0x0000000089bea2d8}: 'java.lang.Object java.lang.invoke.DirectMethodHandle$Holder.invokeStaticInit(java.lang.Object)'> (0x0000000089bea2d8) 
thrown [s\open\src\hotspot\share\interpreter\linkResolver.cpp, line 759]
Event: 0.174 Thread 0x00000203ac585950 Exception <a 'java/lang/NoSuchMethodError'{0x0000000089a20ec8}: 'int java.lang.invoke.DirectMethodHandle$Holder.invokeSpecial(java.lang.Object, java.lang.Object, java.lang.Object)'> (0x0000000089a20ec8) 
thrown [s\open\src\hotspot\share\interpreter\linkResolver.cpp, line 759]

VM Operations (4 events):
Event: 0.088 Executing VM operation: HandshakeAllThreads
Event: 0.088 Executing VM operation: HandshakeAllThreads done
Event: 0.349 Executing VM operation: HandshakeAllThreads
Event: 0.349 Executing VM operation: HandshakeAllThreads done

Events (20 events):
Event: 0.379 loading class jdk/internal/math/FDBigInteger
Event: 0.379 loading class jdk/internal/math/FDBigInteger done
Event: 0.386 loading class sun/util/calendar/ZoneInfoFile$Checksum
Event: 0.386 loading class sun/util/calendar/ZoneInfoFile$Checksum done
Event: 0.389 loading class jdk/internal/module/ModulePatcher$PatchedModuleReader
Event: 0.389 loading class jdk/internal/module/ModulePatcher$PatchedModuleReader done
Event: 0.389 loading class sun/net/www/protocol/jrt/Handler
Event: 0.389 loading class sun/net/www/protocol/jrt/Handler done
Event: 0.417 loading class sun/util/resources/LocaleData$CommonResourceBundleProvider
Event: 0.417 loading class sun/util/resources/LocaleData$LocaleDataResourceBundleProvider
Event: 0.417 loading class java/util/spi/ResourceBundleProvider
Event: 0.417 loading class java/util/spi/ResourceBundleProvider done
Event: 0.417 loading class sun/util/resources/LocaleData$LocaleDataResourceBundleProvider done
Event: 0.417 loading class sun/util/resources/LocaleData$CommonResourceBundleProvider done
Event: 0.417 loading class sun/util/resources/Bundles$2
Event: 0.417 loading class sun/util/resources/Bundles$2 done
Event: 0.418 loading class java/lang/InstantiationException
Event: 0.418 loading class java/lang/InstantiationException done
Event: 0.418 loading class java/lang/IllegalAccessException
Event: 0.418 loading class java/lang/IllegalAccessException done


Dynamic libraries:
0x00007ff6de2e0000 - 0x00007ff6de2f0000 	C:\Program Files\Java\jdk-17\bin\java.exe
0x00007ff8c3f50000 - 0x00007ff8c4148000 	C:\WINDOWS\SYSTEM32\ntdll.dll
0x00007ff8c3130000 - 0x00007ff8c31f1000 	C:\WINDOWS\System32\KERNEL32.DLL
0x00007ff8c1a00000 - 0x00007ff8c1cfd000 	C:\WINDOWS\System32\KERNELBASE.dll
0x00007ff8c1e80000 - 0x00007ff8c1f80000 	C:\WINDOWS\System32\ucrtbase.dll
0x00007ff8bbf20000 - 0x00007ff8bbf3b000 	C:\Program Files\Java\jdk-17\bin\VCRUNTIME140.dll
0x00007ff8bc640000 - 0x00007ff8bc659000 	C:\Program Files\Java\jdk-17\bin\jli.dll
0x00007ff8c1f80000 - 0x00007ff8c2030000 	C:\WINDOWS\System32\ADVAPI32.dll
0x00007ff8c2a70000 - 0x00007ff8c2b0e000 	C:\WINDOWS\System32\msvcrt.dll
0x00007ff8c2180000 - 0x00007ff8c2220000 	C:\WINDOWS\System32\sechost.dll
0x00007ff8c3cc0000 - 0x00007ff8c3de3000 	C:\WINDOWS\System32\RPCRT4.dll
0x00007ff8c19a0000 - 0x00007ff8c19c7000 	C:\WINDOWS\System32\bcrypt.dll
0x00007ff8c2b20000 - 0x00007ff8c2cbd000 	C:\WINDOWS\System32\USER32.dll
0x00007ff8c19d0000 - 0x00007ff8c19f2000 	C:\WINDOWS\System32\win32u.dll
0x00007ff8ad420000 - 0x00007ff8ad6ba000 	C:\WINDOWS\WinSxS\amd64_microsoft.windows.common-controls_6595b64144ccf1df_6.0.19041.4355_none_60b8b9eb71f62e16\COMCTL32.dll
0x00007ff8c2220000 - 0x00007ff8c224b000 	C:\WINDOWS\System32\GDI32.dll
0x00007ff8c1880000 - 0x00007ff8c1997000 	C:\WINDOWS\System32\gdi32full.dll
0x00007ff8c1de0000 - 0x00007ff8c1e7d000 	C:\WINDOWS\System32\msvcp_win.dll
0x00007ff8b8d60000 - 0x00007ff8b8d6a000 	C:\WINDOWS\SYSTEM32\VERSION.dll
0x00007ff8c3400000 - 0x00007ff8c342f000 	C:\WINDOWS\System32\IMM32.DLL
0x00007ff8bc990000 - 0x00007ff8bc99c000 	C:\Program Files\Java\jdk-17\bin\vcruntime140_1.dll
0x00007ff88fbf0000 - 0x00007ff88fc7e000 	C:\Program Files\Java\jdk-17\bin\msvcp140.dll
0x00007ff878580000 - 0x00007ff87915f000 	C:\Program Files\Java\jdk-17\bin\server\jvm.dll
0x00007ff8c2b10000 - 0x00007ff8c2b18000 	C:\WINDOWS\System32\PSAPI.DLL
0x00007ff8b5e90000 - 0x00007ff8b5eb7000 	C:\WINDOWS\SYSTEM32\WINMM.dll
0x00007ff8a5250000 - 0x00007ff8a5259000 	C:\WINDOWS\SYSTEM32\WSOCK32.dll
0x00007ff8c3df0000 - 0x00007ff8c3e5b000 	C:\WINDOWS\System32\WS2_32.dll
0x00007ff8bfe10000 - 0x00007ff8bfe22000 	C:\WINDOWS\SYSTEM32\kernel.appcore.dll
0x00007ff8bc680000 - 0x00007ff8bc68a000 	C:\Program Files\Java\jdk-17\bin\jimage.dll
0x00007ff8bf420000 - 0x00007ff8bf604000 	C:\WINDOWS\SYSTEM32\DBGHELP.DLL
0x00007ff8a8de0000 - 0x00007ff8a8e14000 	C:\WINDOWS\SYSTEM32\dbgcore.DLL
0x00007ff8c1d00000 - 0x00007ff8c1d82000 	C:\WINDOWS\System32\bcryptPrimitives.dll
0x00007ff8ab6c0000 - 0x00007ff8ab6e5000 	C:\Program Files\Java\jdk-17\bin\java.dll
0x00007ff88d0c0000 - 0x00007ff88d197000 	C:\Program Files\Java\jdk-17\bin\jsvml.dll
0x00007ff8c3430000 - 0x00007ff8c3b9f000 	C:\WINDOWS\System32\SHELL32.dll
0x00007ff8bf660000 - 0x00007ff8bfdff000 	C:\WINDOWS\SYSTEM32\windows.storage.dll
0x00007ff8c2500000 - 0x00007ff8c2853000 	C:\WINDOWS\System32\combase.dll
0x00007ff8c1020000 - 0x00007ff8c104e000 	C:\WINDOWS\SYSTEM32\Wldp.dll
0x00007ff8c2030000 - 0x00007ff8c20fd000 	C:\WINDOWS\System32\OLEAUT32.dll
0x00007ff8c3e60000 - 0x00007ff8c3f0d000 	C:\WINDOWS\System32\SHCORE.dll
0x00007ff8c2260000 - 0x00007ff8c22b5000 	C:\WINDOWS\System32\shlwapi.dll
0x00007ff8c1530000 - 0x00007ff8c1554000 	C:\WINDOWS\SYSTEM32\profapi.dll
0x00007ff8bb8d0000 - 0x00007ff8bb8e9000 	C:\Program Files\Java\jdk-17\bin\net.dll
0x00007ff8b83a0000 - 0x00007ff8b84ad000 	C:\WINDOWS\SYSTEM32\WINHTTP.dll
0x00007ff8c0d80000 - 0x00007ff8c0dea000 	C:\WINDOWS\system32\mswsock.dll
0x00007ff8b7c20000 - 0x00007ff8b7c36000 	C:\Program Files\Java\jdk-17\bin\nio.dll
0x00007ff8adbb0000 - 0x00007ff8adbc8000 	C:\Program Files\Java\jdk-17\bin\zip.dll
0x00007ff8bcbc0000 - 0x00007ff8bcbca000 	C:\Program Files\Java\jdk-17\bin\management.dll
0x00007ff8bcad0000 - 0x00007ff8bcadb000 	C:\Program Files\Java\jdk-17\bin\management_ext.dll

dbghelp: loaded successfully - version: 4.0.5 - missing functions: none
symbol engine: initialized successfully - sym options: 0x614 - pdb path: .;C:\Program Files\Java\jdk-17\bin;C:\WINDOWS\SYSTEM32;C:\WINDOWS\WinSxS\amd64_microsoft.windows.common-controls_6595b64144ccf1df_6.0.19041.4355_none_60b8b9eb71f62e16;C:\Program Files\Java\jdk-17\bin\server

VM Arguments:
java_command: C:\Users\TIGHEDINE\AppData\Local\Temp\surefire18276742076508995015\surefirebooter-20240814175435381_3.jar C:\Users\TIGHEDINE\AppData\Local\Temp\surefire18276742076508995015 2024-08-14T17-54-33_639-jvmRun1 surefire-20240814175435381_1tmp surefire_0-20240814175435381_2tmp
java_class_path (initial): C:\Users\TIGHEDINE\AppData\Local\Temp\surefire18276742076508995015\surefirebooter-20240814175435381_3.jar
Launcher Type: SUN_STANDARD

[Global flags]
     intx CICompilerCount                          = 4                                         {product} {ergonomic}
     uint ConcGCThreads                            = 2                                         {product} {ergonomic}
     uint G1ConcRefinementThreads                  = 8                                         {product} {ergonomic}
   size_t G1HeapRegionSize                         = 1048576                                   {product} {ergonomic}
    uintx GCDrainStackTargetSize                   = 64                                        {product} {ergonomic}
   size_t InitialHeapSize                          = 134217728                                 {product} {ergonomic}
   size_t MarkStackSize                            = 4194304                                   {product} {ergonomic}
   size_t MaxHeapSize                              = 2116026368                                {product} {ergonomic}
   size_t MaxNewSize                               = 1268776960                                {product} {ergonomic}
   size_t MinHeapDeltaBytes                        = 1048576                                   {product} {ergonomic}
   size_t MinHeapSize                              = 8388608                                   {product} {ergonomic}
    uintx NonNMethodCodeHeapSize                   = 5839372                                {pd product} {ergonomic}
    uintx NonProfiledCodeHeapSize                  = 122909434                              {pd product} {ergonomic}
    uintx ProfiledCodeHeapSize                     = 122909434                              {pd product} {ergonomic}
    uintx ReservedCodeCacheSize                    = 251658240                              {pd product} {ergonomic}
     bool SegmentedCodeCache                       = true                                      {product} {ergonomic}
   size_t SoftMaxHeapSize                          = 2116026368                             {manageable} {ergonomic}
     bool UseCompressedClassPointers               = true                           {product lp64_product} {ergonomic}
     bool UseCompressedOops                        = true                           {product lp64_product} {ergonomic}
     bool UseG1GC                                  = true                                      {product} {ergonomic}
     bool UseLargePagesIndividualAllocation        = false                                  {pd product} {ergonomic}

Logging:
Log output configuration:
 #0: stdout all=warning uptime,level,tags
 #1: stderr all=off uptime,level,tags

Environment Variables:
JAVA_HOME=C:\Program Files\Java\jdk-17
PATH=C:\Users\TIGHEDINE\eclipse-workspace\Java\PROJET\draver;C:\Program Files\Common Files\Oracle\Java\javapath;C:\app\TIGHEDINE\product\21c\dbhomeXE\bin;C:\WINDOWS\system32;C:\WINDOWS;C:\WINDOWS\System32\Wbem;C:\WINDOWS\System32\WindowsPowerShell\v1.0\;C:\WINDOWS\System32\OpenSSH\;C:\Program Files\nodejs\;C:\Program Files\Intel\WiFi\bin\;C:\Program Files\Common Files\Intel\WirelessCommon\;C:\Program Files\Git\cmd;C:\Users\TIGHEDINE\.m2\repository\org\apache\maven;C:\Program Files\Java\jdk-17\bin;C:\intllej\apache-maven-3.9.8\bin;C:\Program Files\MySQL\MySQL Shell 8.0\bin\;C:\Users\TIGHEDINE\AppData\Local\Microsoft\WindowsApps;C:\Users\TIGHEDINE\AppData\Roaming\npm;C:\Users\TIGHEDINE\AppData\Local\Programs\Microsoft VS Code\bin;C:\Users\TIGHEDINE\AppData\Local\GitHubDesktop\bin;C:\Program Files\Java\jdk-17;C:\Program Files (x86)\BrowserStackLocal\;C:\intllej\apache-maven-3.9.8\bin;
USERNAME=TIGHEDINE
OS=Windows_NT
PROCESSOR_IDENTIFIER=Intel64 Family 6 Model 142 Stepping 10, GenuineIntel



---------------  S Y S T E M  ---------------

OS:
 Windows 10 , 64 bit Build 19041 (10.0.19041.4717)
OS uptime: 9 days 23:33 hours

CPU: total 8 (initial active 8) (4 cores per cpu, 2 threads per core) family 6 model 142 stepping 10 microcode 0xf4, cx8, cmov, fxsr, ht, mmx, 3dnowpref, sse, sse2, sse3, ssse3, sse4.1, sse4.2, popcnt, lzcnt, tsc, tscinvbit, avx, avx2, aes, erms, clmul, bmi1, bmi2, rtm, adx, fma, vzeroupper, clflush, clflushopt

Memory: 4k page, system-wide physical 8066M (362M free)
TotalPageFile size 23172M (AvailPageFile size 0M)
current process WorkingSet (physical memory assigned to process): 55M, peak: 55M
current process commit charge ("private bytes"): 220M, peak: 220M

vm_info: Java HotSpot(TM) 64-Bit Server VM (17.0.10+11-LTS-240) for windows-amd64 JRE (17.0.10+11-LTS-240), built on Dec 19 2023 21:47:25 by "mach5one" with MS VC++ 17.1 (VS2022)

END.
